<?xml version="1.0" encoding="UTF-8"?>
<testsuite xmlns:xsi="http://www.w3.org/2001/XMLSchema-instance" xsi:noNamespaceSchemaLocation="https://maven.apache.org/surefire/maven-surefire-plugin/xsd/surefire-test-report.xsd" name="org.acme.GreetingResourceTest" time="2.96" tests="1" errors="0" skipped="0" failures="0">
  <properties>
    <property name="sun.desktop" value="gnome"/>
    <property name="awt.toolkit" value="sun.awt.X11.XToolkit"/>
    <property name="java.specification.version" value="11"/>
    <property name="sun.cpu.isalist" value=""/>
    <property name="sun.jnu.encoding" value="UTF-8"/>
    <property name="java.class.path" value="/home/gustaw/Documents/dtu/t3/software_development_of_web_services/tasks/SimpleDTUPay/target/test-classes:/home/gustaw/Documents/dtu/t3/software_development_of_web_services/tasks/SimpleDTUPay/target/classes:/home/gustaw/.m2/repository/io/quarkus/quarkus-resteasy/1.10.5.Final/quarkus-resteasy-1.10.5.Final.jar:/home/gustaw/.m2/repository/io/quarkus/quarkus-vertx-http/1.10.5.Final/quarkus-vertx-http-1.10.5.Final.jar:/home/gustaw/.m2/repository/io/quarkus/quarkus-security-runtime-spi/1.10.5.Final/quarkus-security-runtime-spi-1.10.5.Final.jar:/home/gustaw/.m2/repository/io/quarkus/security/quarkus-security/1.1.3.Final/quarkus-security-1.1.3.Final.jar:/home/gustaw/.m2/repository/io/smallrye/reactive/mutiny/0.11.0/mutiny-0.11.0.jar:/home/gustaw/.m2/repository/io/quarkus/quarkus-vertx-core/1.10.5.Final/quarkus-vertx-core-1.10.5.Final.jar:/home/gustaw/.m2/repository/io/quarkus/quarkus-netty/1.10.5.Final/quarkus-netty-1.10.5.Final.jar:/home/gustaw/.m2/repository/io/netty/netty-codec/4.1.49.Final/netty-codec-4.1.49.Final.jar:/home/gustaw/.m2/repository/io/netty/netty-handler/4.1.49.Final/netty-handler-4.1.49.Final.jar:/home/gustaw/.m2/repository/io/vertx/vertx-core/3.9.5/vertx-core-3.9.5.jar:/home/gustaw/.m2/repository/io/netty/netty-common/4.1.49.Final/netty-common-4.1.49.Final.jar:/home/gustaw/.m2/repository/io/netty/netty-buffer/4.1.49.Final/netty-buffer-4.1.49.Final.jar:/home/gustaw/.m2/repository/io/netty/netty-transport/4.1.49.Final/netty-transport-4.1.49.Final.jar:/home/gustaw/.m2/repository/io/netty/netty-handler-proxy/4.1.49.Final/netty-handler-proxy-4.1.49.Final.jar:/home/gustaw/.m2/repository/io/netty/netty-codec-socks/4.1.49.Final/netty-codec-socks-4.1.49.Final.jar:/home/gustaw/.m2/repository/io/netty/netty-codec-http/4.1.49.Final/netty-codec-http-4.1.49.Final.jar:/home/gustaw/.m2/repository/io/netty/netty-codec-http2/4.1.49.Final/netty-codec-http2-4.1.49.Final.jar:/home/gustaw/.m2/repository/io/netty/netty-resolver/4.1.49.Final/netty-resolver-4.1.49.Final.jar:/home/gustaw/.m2/repository/io/netty/netty-resolver-dns/4.1.49.Final/netty-resolver-dns-4.1.49.Final.jar:/home/gustaw/.m2/repository/io/netty/netty-codec-dns/4.1.49.Final/netty-codec-dns-4.1.49.Final.jar:/home/gustaw/.m2/repository/com/fasterxml/jackson/core/jackson-core/2.11.3/jackson-core-2.11.3.jar:/home/gustaw/.m2/repository/io/vertx/vertx-web/3.9.5/vertx-web-3.9.5.jar:/home/gustaw/.m2/repository/io/vertx/vertx-web-common/3.9.5/vertx-web-common-3.9.5.jar:/home/gustaw/.m2/repository/io/vertx/vertx-auth-common/3.9.5/vertx-auth-common-3.9.5.jar:/home/gustaw/.m2/repository/io/vertx/vertx-bridge-common/3.9.5/vertx-bridge-common-3.9.5.jar:/home/gustaw/.m2/repository/io/quarkus/quarkus-resteasy-server-common/1.10.5.Final/quarkus-resteasy-server-common-1.10.5.Final.jar:/home/gustaw/.m2/repository/io/quarkus/quarkus-resteasy-common/1.10.5.Final/quarkus-resteasy-common-1.10.5.Final.jar:/home/gustaw/.m2/repository/jakarta/validation/jakarta.validation-api/2.0.2/jakarta.validation-api-2.0.2.jar:/home/gustaw/.m2/repository/io/quarkus/quarkus-arc/1.10.5.Final/quarkus-arc-1.10.5.Final.jar:/home/gustaw/.m2/repository/io/quarkus/arc/arc/1.10.5.Final/arc-1.10.5.Final.jar:/home/gustaw/.m2/repository/jakarta/enterprise/jakarta.enterprise.cdi-api/2.0.2/jakarta.enterprise.cdi-api-2.0.2.jar:/home/gustaw/.m2/repository/jakarta/el/jakarta.el-api/3.0.3/jakarta.el-api-3.0.3.jar:/home/gustaw/.m2/repository/jakarta/interceptor/jakarta.interceptor-api/1.2.5/jakarta.interceptor-api-1.2.5.jar:/home/gustaw/.m2/repository/jakarta/annotation/jakarta.annotation-api/1.3.5/jakarta.annotation-api-1.3.5.jar:/home/gustaw/.m2/repository/jakarta/transaction/jakarta.transaction-api/1.3.3/jakarta.transaction-api-1.3.3.jar:/home/gustaw/.m2/repository/io/quarkus/quarkus-core/1.10.5.Final/quarkus-core-1.10.5.Final.jar:/home/gustaw/.m2/repository/jakarta/inject/jakarta.inject-api/1.0/jakarta.inject-api-1.0.jar:/home/gustaw/.m2/repository/io/quarkus/quarkus-ide-launcher/1.10.5.Final/quarkus-ide-launcher-1.10.5.Final.jar:/home/gustaw/.m2/repository/io/quarkus/quarkus-development-mode-spi/1.10.5.Final/quarkus-development-mode-spi-1.10.5.Final.jar:/home/gustaw/.m2/repository/io/smallrye/config/smallrye-config/1.9.3/smallrye-config-1.9.3.jar:/home/gustaw/.m2/repository/io/smallrye/common/smallrye-common-annotation/1.4.1/smallrye-common-annotation-1.4.1.jar:/home/gustaw/.m2/repository/io/smallrye/config/smallrye-config-common/1.9.3/smallrye-config-common-1.9.3.jar:/home/gustaw/.m2/repository/io/smallrye/common/smallrye-common-expression/1.4.1/smallrye-common-expression-1.4.1.jar:/home/gustaw/.m2/repository/io/smallrye/common/smallrye-common-function/1.4.1/smallrye-common-function-1.4.1.jar:/home/gustaw/.m2/repository/io/smallrye/common/smallrye-common-constraint/1.4.1/smallrye-common-constraint-1.4.1.jar:/home/gustaw/.m2/repository/io/smallrye/common/smallrye-common-classloader/1.4.1/smallrye-common-classloader-1.4.1.jar:/home/gustaw/.m2/repository/org/ow2/asm/asm/9.0/asm-9.0.jar:/home/gustaw/.m2/repository/org/jboss/logmanager/jboss-logmanager-embedded/1.0.6/jboss-logmanager-embedded-1.0.6.jar:/home/gustaw/.m2/repository/org/jboss/logging/jboss-logging-annotations/2.1.0.Final/jboss-logging-annotations-2.1.0.Final.jar:/home/gustaw/.m2/repository/org/jboss/threads/jboss-threads/3.1.1.Final/jboss-threads-3.1.1.Final.jar:/home/gustaw/.m2/repository/org/slf4j/slf4j-api/1.7.30/slf4j-api-1.7.30.jar:/home/gustaw/.m2/repository/org/jboss/slf4j/slf4j-jboss-logmanager/1.1.0.Final/slf4j-jboss-logmanager-1.1.0.Final.jar:/home/gustaw/.m2/repository/org/graalvm/sdk/graal-sdk/20.2.0/graal-sdk-20.2.0.jar:/home/gustaw/.m2/repository/org/wildfly/common/wildfly-common/1.5.4.Final-format-001/wildfly-common-1.5.4.Final-format-001.jar:/home/gustaw/.m2/repository/io/quarkus/quarkus-bootstrap-runner/1.10.5.Final/quarkus-bootstrap-runner-1.10.5.Final.jar:/home/gustaw/.m2/repository/org/eclipse/microprofile/context-propagation/microprofile-context-propagation-api/1.0.1/microprofile-context-propagation-api-1.0.1.jar:/home/gustaw/.m2/repository/io/quarkus/quarkus-junit5/1.10.5.Final/quarkus-junit5-1.10.5.Final.jar:/home/gustaw/.m2/repository/io/quarkus/quarkus-bootstrap-core/1.10.5.Final/quarkus-bootstrap-core-1.10.5.Final.jar:/home/gustaw/.m2/repository/io/quarkus/quarkus-bootstrap-app-model/1.10.5.Final/quarkus-bootstrap-app-model-1.10.5.Final.jar:/home/gustaw/.m2/repository/io/quarkus/quarkus-bootstrap-maven-resolver/1.10.5.Final/quarkus-bootstrap-maven-resolver-1.10.5.Final.jar:/home/gustaw/.m2/repository/org/apache/maven/maven-embedder/3.6.3/maven-embedder-3.6.3.jar:/home/gustaw/.m2/repository/org/apache/maven/maven-settings/3.6.3/maven-settings-3.6.3.jar:/home/gustaw/.m2/repository/org/apache/maven/maven-core/3.6.3/maven-core-3.6.3.jar:/home/gustaw/.m2/repository/org/apache/maven/maven-artifact/3.6.3/maven-artifact-3.6.3.jar:/home/gustaw/.m2/repository/org/codehaus/plexus/plexus-component-annotations/2.1.0/plexus-component-annotations-2.1.0.jar:/home/gustaw/.m2/repository/org/apache/maven/maven-plugin-api/3.6.3/maven-plugin-api-3.6.3.jar:/home/gustaw/.m2/repository/org/apache/maven/maven-model/3.6.3/maven-model-3.6.3.jar:/home/gustaw/.m2/repository/org/apache/maven/maven-model-builder/3.6.3/maven-model-builder-3.6.3.jar:/home/gustaw/.m2/repository/org/apache/maven/maven-builder-support/3.6.3/maven-builder-support-3.6.3.jar:/home/gustaw/.m2/repository/org/apache/maven/resolver/maven-resolver-api/1.4.1/maven-resolver-api-1.4.1.jar:/home/gustaw/.m2/repository/org/apache/maven/resolver/maven-resolver-util/1.4.1/maven-resolver-util-1.4.1.jar:/home/gustaw/.m2/repository/org/apache/maven/shared/maven-shared-utils/3.2.1/maven-shared-utils-3.2.1.jar:/home/gustaw/.m2/repository/com/google/inject/guice/4.2.1/guice-4.2.1-no_aop.jar:/home/gustaw/.m2/repository/com/google/guava/guava/30.0-jre/guava-30.0-jre.jar:/home/gustaw/.m2/repository/com/google/guava/failureaccess/1.0.1/failureaccess-1.0.1.jar:/home/gustaw/.m2/repository/com/google/guava/listenablefuture/9999.0-empty-to-avoid-conflict-with-guava/listenablefuture-9999.0-empty-to-avoid-conflict-with-guava.jar:/home/gustaw/.m2/repository/org/codehaus/plexus/plexus-utils/3.2.1/plexus-utils-3.2.1.jar:/home/gustaw/.m2/repository/org/codehaus/plexus/plexus-classworlds/2.6.0/plexus-classworlds-2.6.0.jar:/home/gustaw/.m2/repository/commons-cli/commons-cli/1.4/commons-cli-1.4.jar:/home/gustaw/.m2/repository/org/eclipse/sisu/org.eclipse.sisu.plexus/0.3.4/org.eclipse.sisu.plexus-0.3.4.jar:/home/gustaw/.m2/repository/org/apache/maven/maven-settings-builder/3.6.3/maven-settings-builder-3.6.3.jar:/home/gustaw/.m2/repository/org/codehaus/plexus/plexus-interpolation/1.25/plexus-interpolation-1.25.jar:/home/gustaw/.m2/repository/org/sonatype/plexus/plexus-sec-dispatcher/1.4/plexus-sec-dispatcher-1.4.jar:/home/gustaw/.m2/repository/org/sonatype/plexus/plexus-cipher/1.4/plexus-cipher-1.4.jar:/home/gustaw/.m2/repository/org/apache/maven/maven-resolver-provider/3.6.3/maven-resolver-provider-3.6.3.jar:/home/gustaw/.m2/repository/org/apache/maven/maven-repository-metadata/3.6.3/maven-repository-metadata-3.6.3.jar:/home/gustaw/.m2/repository/org/apache/maven/resolver/maven-resolver-spi/1.4.1/maven-resolver-spi-1.4.1.jar:/home/gustaw/.m2/repository/org/apache/maven/resolver/maven-resolver-impl/1.4.1/maven-resolver-impl-1.4.1.jar:/home/gustaw/.m2/repository/org/apache/maven/resolver/maven-resolver-connector-basic/1.4.1/maven-resolver-connector-basic-1.4.1.jar:/home/gustaw/.m2/repository/org/apache/maven/resolver/maven-resolver-transport-wagon/1.4.1/maven-resolver-transport-wagon-1.4.1.jar:/home/gustaw/.m2/repository/org/apache/maven/wagon/wagon-http/3.3.4/wagon-http-3.3.4.jar:/home/gustaw/.m2/repository/org/apache/maven/wagon/wagon-http-shared/3.3.4/wagon-http-shared-3.3.4.jar:/home/gustaw/.m2/repository/org/jsoup/jsoup/1.12.1/jsoup-1.12.1.jar:/home/gustaw/.m2/repository/org/apache/maven/wagon/wagon-provider-api/3.3.4/wagon-provider-api-3.3.4.jar:/home/gustaw/.m2/repository/org/apache/maven/wagon/wagon-file/3.3.4/wagon-file-3.3.4.jar:/home/gustaw/.m2/repository/io/quarkus/quarkus-bootstrap-gradle-resolver/1.10.5.Final/quarkus-bootstrap-gradle-resolver-1.10.5.Final.jar:/home/gustaw/.m2/repository/io/smallrye/common/smallrye-common-io/1.4.1/smallrye-common-io-1.4.1.jar:/home/gustaw/.m2/repository/org/eclipse/sisu/org.eclipse.sisu.inject/0.3.4/org.eclipse.sisu.inject-0.3.4.jar:/home/gustaw/.m2/repository/io/quarkus/quarkus-test-common/1.10.5.Final/quarkus-test-common-1.10.5.Final.jar:/home/gustaw/.m2/repository/io/quarkus/quarkus-core-deployment/1.10.5.Final/quarkus-core-deployment-1.10.5.Final.jar:/home/gustaw/.m2/repository/io/quarkus/gizmo/gizmo/1.0.6.Final/gizmo-1.0.6.Final.jar:/home/gustaw/.m2/repository/org/ow2/asm/asm-util/9.0/asm-util-9.0.jar:/home/gustaw/.m2/repository/org/ow2/asm/asm-tree/9.0/asm-tree-9.0.jar:/home/gustaw/.m2/repository/org/ow2/asm/asm-analysis/9.0/asm-analysis-9.0.jar:/home/gustaw/.m2/repository/io/quarkus/quarkus-devtools-utilities/1.10.5.Final/quarkus-devtools-utilities-1.10.5.Final.jar:/home/gustaw/.m2/repository/io/quarkus/quarkus-builder/1.10.5.Final/quarkus-builder-1.10.5.Final.jar:/home/gustaw/.m2/repository/io/quarkus/quarkus-jsonp-deployment/1.10.5.Final/quarkus-jsonp-deployment-1.10.5.Final.jar:/home/gustaw/.m2/repository/org/jboss/jandex/2.2.1.Final/jandex-2.2.1.Final.jar:/home/gustaw/.m2/repository/org/jboss/logging/commons-logging-jboss-logging/1.0.0.Final/commons-logging-jboss-logging-1.0.0.Final.jar:/home/gustaw/.m2/repository/org/junit/jupiter/junit-jupiter/5.7.0/junit-jupiter-5.7.0.jar:/home/gustaw/.m2/repository/org/junit/jupiter/junit-jupiter-params/5.7.0/junit-jupiter-params-5.7.0.jar:/home/gustaw/.m2/repository/com/thoughtworks/xstream/xstream/1.4.11/xstream-1.4.11.jar:/home/gustaw/.m2/repository/xmlpull/xmlpull/1.1.3.1/xmlpull-1.1.3.1.jar:/home/gustaw/.m2/repository/xpp3/xpp3_min/1.1.4c/xpp3_min-1.1.4c.jar:/home/gustaw/.m2/repository/io/rest-assured/rest-assured/4.3.2/rest-assured-4.3.2.jar:/home/gustaw/.m2/repository/org/codehaus/groovy/groovy/3.0.5/groovy-3.0.5.jar:/home/gustaw/.m2/repository/org/codehaus/groovy/groovy-xml/3.0.6/groovy-xml-3.0.6.jar:/home/gustaw/.m2/repository/org/apache/httpcomponents/httpclient/4.5.13/httpclient-4.5.13.jar:/home/gustaw/.m2/repository/org/apache/httpcomponents/httpcore/4.4.13/httpcore-4.4.13.jar:/home/gustaw/.m2/repository/org/apache/httpcomponents/httpmime/4.5.13/httpmime-4.5.13.jar:/home/gustaw/.m2/repository/org/hamcrest/hamcrest/2.1/hamcrest-2.1.jar:/home/gustaw/.m2/repository/org/ccil/cowan/tagsoup/tagsoup/1.2.1/tagsoup-1.2.1.jar:/home/gustaw/.m2/repository/io/rest-assured/json-path/4.3.2/json-path-4.3.2.jar:/home/gustaw/.m2/repository/org/codehaus/groovy/groovy-json/3.0.5/groovy-json-3.0.5.jar:/home/gustaw/.m2/repository/io/rest-assured/rest-assured-common/4.3.2/rest-assured-common-4.3.2.jar:/home/gustaw/.m2/repository/io/rest-assured/xml-path/4.3.2/xml-path-4.3.2.jar:/home/gustaw/.m2/repository/org/apache/commons/commons-lang3/3.9/commons-lang3-3.9.jar:/home/gustaw/.m2/repository/jakarta/xml/bind/jakarta.xml.bind-api/2.3.3/jakarta.xml.bind-api-2.3.3.jar:/home/gustaw/.m2/repository/jakarta/activation/jakarta.activation-api/1.2.1/jakarta.activation-api-1.2.1.jar:/home/gustaw/.m2/repository/com/sun/xml/bind/jaxb-impl/2.3.3/jaxb-impl-2.3.3.jar:/home/gustaw/.m2/repository/org/jboss/resteasy/resteasy-client/4.5.8.Final/resteasy-client-4.5.8.Final.jar:/home/gustaw/.m2/repository/org/jboss/resteasy/resteasy-client-api/4.5.8.Final/resteasy-client-api-4.5.8.Final.jar:/home/gustaw/.m2/repository/org/jboss/resteasy/resteasy-core-spi/4.5.8.Final/resteasy-core-spi-4.5.8.Final.jar:/home/gustaw/.m2/repository/org/reactivestreams/reactive-streams/1.0.3/reactive-streams-1.0.3.jar:/home/gustaw/.m2/repository/com/sun/activation/jakarta.activation/1.2.1/jakarta.activation-1.2.1.jar:/home/gustaw/.m2/repository/org/jboss/resteasy/resteasy-core/4.5.8.Final/resteasy-core-4.5.8.Final.jar:/home/gustaw/.m2/repository/com/ibm/async/asyncutil/0.1.0/asyncutil-0.1.0.jar:/home/gustaw/.m2/repository/org/eclipse/microprofile/config/microprofile-config-api/1.4/microprofile-config-api-1.4.jar:/home/gustaw/.m2/repository/org/jboss/logging/jboss-logging/3.4.1.Final/jboss-logging-3.4.1.Final.jar:/home/gustaw/.m2/repository/commons-codec/commons-codec/1.14/commons-codec-1.14.jar:/home/gustaw/.m2/repository/commons-io/commons-io/2.8.0/commons-io-2.8.0.jar:/home/gustaw/.m2/repository/org/jboss/spec/javax/ws/rs/jboss-jaxrs-api_2.1_spec/2.0.1.Final/jboss-jaxrs-api_2.1_spec-2.0.1.Final.jar:/home/gustaw/.m2/repository/io/quarkus/quarkus-resteasy-jsonb/1.10.5.Final/quarkus-resteasy-jsonb-1.10.5.Final.jar:/home/gustaw/.m2/repository/io/quarkus/quarkus-jsonb/1.10.5.Final/quarkus-jsonb-1.10.5.Final.jar:/home/gustaw/.m2/repository/org/eclipse/yasson/1.0.8/yasson-1.0.8.jar:/home/gustaw/.m2/repository/io/quarkus/quarkus-jsonp/1.10.5.Final/quarkus-jsonp-1.10.5.Final.jar:/home/gustaw/.m2/repository/org/jboss/resteasy/resteasy-json-binding-provider/4.5.8.Final/resteasy-json-binding-provider-4.5.8.Final.jar:/home/gustaw/.m2/repository/org/glassfish/jakarta.json/1.1.6/jakarta.json-1.1.6.jar:/home/gustaw/.m2/repository/jakarta/json/bind/jakarta.json.bind-api/1.0.2/jakarta.json.bind-api-1.0.2.jar:/home/gustaw/.m2/repository/org/jboss/resteasy/resteasy-json-p-provider/4.5.8.Final/resteasy-json-p-provider-4.5.8.Final.jar:/home/gustaw/.m2/repository/io/quarkus/quarkus-resteasy-jaxb/1.10.5.Final/quarkus-resteasy-jaxb-1.10.5.Final.jar:/home/gustaw/.m2/repository/io/quarkus/quarkus-jaxb/1.10.5.Final/quarkus-jaxb-1.10.5.Final.jar:/home/gustaw/.m2/repository/io/quarkus/quarkus-jaxp/1.10.5.Final/quarkus-jaxp-1.10.5.Final.jar:/home/gustaw/.m2/repository/org/glassfish/jaxb/jaxb-runtime/2.3.3-b02/jaxb-runtime-2.3.3-b02.jar:/home/gustaw/.m2/repository/org/glassfish/jaxb/txw2/2.3.3-b02/txw2-2.3.3-b02.jar:/home/gustaw/.m2/repository/com/sun/istack/istack-commons-runtime/3.0.10/istack-commons-runtime-3.0.10.jar:/home/gustaw/.m2/repository/org/jboss/resteasy/resteasy-jaxb-provider/4.5.8.Final/resteasy-jaxb-provider-4.5.8.Final.jar:/home/gustaw/.m2/repository/org/jboss/spec/javax/xml/bind/jboss-jaxb-api_2.3_spec/2.0.0.Final/jboss-jaxb-api_2.3_spec-2.0.0.Final.jar:/home/gustaw/.m2/repository/io/cucumber/cucumber-java/6.9.1/cucumber-java-6.9.1.jar:/home/gustaw/.m2/repository/io/cucumber/cucumber-core/6.9.1/cucumber-core-6.9.1.jar:/home/gustaw/.m2/repository/io/cucumber/cucumber-gherkin/6.9.1/cucumber-gherkin-6.9.1.jar:/home/gustaw/.m2/repository/io/cucumber/cucumber-gherkin-messages/6.9.1/cucumber-gherkin-messages-6.9.1.jar:/home/gustaw/.m2/repository/io/cucumber/messages/13.2.1/messages-13.2.1.jar:/home/gustaw/.m2/repository/io/cucumber/tag-expressions/3.0.0/tag-expressions-3.0.0.jar:/home/gustaw/.m2/repository/io/cucumber/cucumber-expressions/10.3.0/cucumber-expressions-10.3.0.jar:/home/gustaw/.m2/repository/io/cucumber/datatable/3.5.0/datatable-3.5.0.jar:/home/gustaw/.m2/repository/io/cucumber/cucumber-plugin/6.9.1/cucumber-plugin-6.9.1.jar:/home/gustaw/.m2/repository/io/cucumber/docstring/6.9.1/docstring-6.9.1.jar:/home/gustaw/.m2/repository/io/cucumber/html-formatter/9.0.0/html-formatter-9.0.0.jar:/home/gustaw/.m2/repository/io/cucumber/create-meta/2.0.4/create-meta-2.0.4.jar:/home/gustaw/.m2/repository/org/apiguardian/apiguardian-api/1.1.0/apiguardian-api-1.1.0.jar:/home/gustaw/.m2/repository/io/cucumber/cucumber-junit/6.9.1/cucumber-junit-6.9.1.jar:/home/gustaw/.m2/repository/junit/junit/4.12/junit-4.12.jar:/home/gustaw/.m2/repository/org/hamcrest/hamcrest-core/1.3/hamcrest-core-1.3.jar:/home/gustaw/.m2/repository/io/cucumber/cucumber-picocontainer/6.9.1/cucumber-picocontainer-6.9.1.jar:/home/gustaw/.m2/repository/org/picocontainer/picocontainer/2.15/picocontainer-2.15.jar:/home/gustaw/.m2/repository/org/junit/jupiter/junit-jupiter-engine/5.7.0/junit-jupiter-engine-5.7.0.jar:/home/gustaw/.m2/repository/org/junit/platform/junit-platform-engine/1.7.0/junit-platform-engine-1.7.0.jar:/home/gustaw/.m2/repository/org/opentest4j/opentest4j/1.2.0/opentest4j-1.2.0.jar:/home/gustaw/.m2/repository/org/junit/platform/junit-platform-commons/1.7.0/junit-platform-commons-1.7.0.jar:/home/gustaw/.m2/repository/org/junit/jupiter/junit-jupiter-api/5.7.0/junit-jupiter-api-5.7.0.jar:/home/gustaw/.m2/repository/io/cucumber/cucumber-junit-platform-engine/6.9.1/cucumber-junit-platform-engine-6.9.1.jar:"/>
    <property name="java.vm.vendor" value="Ubuntu"/>
    <property name="sun.arch.data.model" value="64"/>
    <property name="java.vendor.url" value="https://ubuntu.com/"/>
    <property name="user.timezone" value=""/>
    <property name="java.vm.specification.version" value="11"/>
    <property name="os.name" value="Linux"/>
    <property name="sun.java.launcher" value="SUN_STANDARD"/>
    <property name="user.country" value="US"/>
    <property name="sun.boot.library.path" value="/usr/lib/jvm/java-11-openjdk-amd64/lib"/>
    <property name="sun.java.command" value="/home/gustaw/Documents/dtu/t3/software_development_of_web_services/tasks/SimpleDTUPay/target/surefire/surefirebooter4832477583609936923.jar /home/gustaw/Documents/dtu/t3/software_development_of_web_services/tasks/SimpleDTUPay/target/surefire 2021-01-10T21-30-19_183-jvmRun1 surefire15517402968056441768tmp surefire_02134112611741005280tmp"/>
    <property name="jdk.debug" value="release"/>
    <property name="surefire.test.class.path" value="/home/gustaw/Documents/dtu/t3/software_development_of_web_services/tasks/SimpleDTUPay/target/test-classes:/home/gustaw/Documents/dtu/t3/software_development_of_web_services/tasks/SimpleDTUPay/target/classes:/home/gustaw/.m2/repository/io/quarkus/quarkus-resteasy/1.10.5.Final/quarkus-resteasy-1.10.5.Final.jar:/home/gustaw/.m2/repository/io/quarkus/quarkus-vertx-http/1.10.5.Final/quarkus-vertx-http-1.10.5.Final.jar:/home/gustaw/.m2/repository/io/quarkus/quarkus-security-runtime-spi/1.10.5.Final/quarkus-security-runtime-spi-1.10.5.Final.jar:/home/gustaw/.m2/repository/io/quarkus/security/quarkus-security/1.1.3.Final/quarkus-security-1.1.3.Final.jar:/home/gustaw/.m2/repository/io/smallrye/reactive/mutiny/0.11.0/mutiny-0.11.0.jar:/home/gustaw/.m2/repository/io/quarkus/quarkus-vertx-core/1.10.5.Final/quarkus-vertx-core-1.10.5.Final.jar:/home/gustaw/.m2/repository/io/quarkus/quarkus-netty/1.10.5.Final/quarkus-netty-1.10.5.Final.jar:/home/gustaw/.m2/repository/io/netty/netty-codec/4.1.49.Final/netty-codec-4.1.49.Final.jar:/home/gustaw/.m2/repository/io/netty/netty-handler/4.1.49.Final/netty-handler-4.1.49.Final.jar:/home/gustaw/.m2/repository/io/vertx/vertx-core/3.9.5/vertx-core-3.9.5.jar:/home/gustaw/.m2/repository/io/netty/netty-common/4.1.49.Final/netty-common-4.1.49.Final.jar:/home/gustaw/.m2/repository/io/netty/netty-buffer/4.1.49.Final/netty-buffer-4.1.49.Final.jar:/home/gustaw/.m2/repository/io/netty/netty-transport/4.1.49.Final/netty-transport-4.1.49.Final.jar:/home/gustaw/.m2/repository/io/netty/netty-handler-proxy/4.1.49.Final/netty-handler-proxy-4.1.49.Final.jar:/home/gustaw/.m2/repository/io/netty/netty-codec-socks/4.1.49.Final/netty-codec-socks-4.1.49.Final.jar:/home/gustaw/.m2/repository/io/netty/netty-codec-http/4.1.49.Final/netty-codec-http-4.1.49.Final.jar:/home/gustaw/.m2/repository/io/netty/netty-codec-http2/4.1.49.Final/netty-codec-http2-4.1.49.Final.jar:/home/gustaw/.m2/repository/io/netty/netty-resolver/4.1.49.Final/netty-resolver-4.1.49.Final.jar:/home/gustaw/.m2/repository/io/netty/netty-resolver-dns/4.1.49.Final/netty-resolver-dns-4.1.49.Final.jar:/home/gustaw/.m2/repository/io/netty/netty-codec-dns/4.1.49.Final/netty-codec-dns-4.1.49.Final.jar:/home/gustaw/.m2/repository/com/fasterxml/jackson/core/jackson-core/2.11.3/jackson-core-2.11.3.jar:/home/gustaw/.m2/repository/io/vertx/vertx-web/3.9.5/vertx-web-3.9.5.jar:/home/gustaw/.m2/repository/io/vertx/vertx-web-common/3.9.5/vertx-web-common-3.9.5.jar:/home/gustaw/.m2/repository/io/vertx/vertx-auth-common/3.9.5/vertx-auth-common-3.9.5.jar:/home/gustaw/.m2/repository/io/vertx/vertx-bridge-common/3.9.5/vertx-bridge-common-3.9.5.jar:/home/gustaw/.m2/repository/io/quarkus/quarkus-resteasy-server-common/1.10.5.Final/quarkus-resteasy-server-common-1.10.5.Final.jar:/home/gustaw/.m2/repository/io/quarkus/quarkus-resteasy-common/1.10.5.Final/quarkus-resteasy-common-1.10.5.Final.jar:/home/gustaw/.m2/repository/jakarta/validation/jakarta.validation-api/2.0.2/jakarta.validation-api-2.0.2.jar:/home/gustaw/.m2/repository/io/quarkus/quarkus-arc/1.10.5.Final/quarkus-arc-1.10.5.Final.jar:/home/gustaw/.m2/repository/io/quarkus/arc/arc/1.10.5.Final/arc-1.10.5.Final.jar:/home/gustaw/.m2/repository/jakarta/enterprise/jakarta.enterprise.cdi-api/2.0.2/jakarta.enterprise.cdi-api-2.0.2.jar:/home/gustaw/.m2/repository/jakarta/el/jakarta.el-api/3.0.3/jakarta.el-api-3.0.3.jar:/home/gustaw/.m2/repository/jakarta/interceptor/jakarta.interceptor-api/1.2.5/jakarta.interceptor-api-1.2.5.jar:/home/gustaw/.m2/repository/jakarta/annotation/jakarta.annotation-api/1.3.5/jakarta.annotation-api-1.3.5.jar:/home/gustaw/.m2/repository/jakarta/transaction/jakarta.transaction-api/1.3.3/jakarta.transaction-api-1.3.3.jar:/home/gustaw/.m2/repository/io/quarkus/quarkus-core/1.10.5.Final/quarkus-core-1.10.5.Final.jar:/home/gustaw/.m2/repository/jakarta/inject/jakarta.inject-api/1.0/jakarta.inject-api-1.0.jar:/home/gustaw/.m2/repository/io/quarkus/quarkus-ide-launcher/1.10.5.Final/quarkus-ide-launcher-1.10.5.Final.jar:/home/gustaw/.m2/repository/io/quarkus/quarkus-development-mode-spi/1.10.5.Final/quarkus-development-mode-spi-1.10.5.Final.jar:/home/gustaw/.m2/repository/io/smallrye/config/smallrye-config/1.9.3/smallrye-config-1.9.3.jar:/home/gustaw/.m2/repository/io/smallrye/common/smallrye-common-annotation/1.4.1/smallrye-common-annotation-1.4.1.jar:/home/gustaw/.m2/repository/io/smallrye/config/smallrye-config-common/1.9.3/smallrye-config-common-1.9.3.jar:/home/gustaw/.m2/repository/io/smallrye/common/smallrye-common-expression/1.4.1/smallrye-common-expression-1.4.1.jar:/home/gustaw/.m2/repository/io/smallrye/common/smallrye-common-function/1.4.1/smallrye-common-function-1.4.1.jar:/home/gustaw/.m2/repository/io/smallrye/common/smallrye-common-constraint/1.4.1/smallrye-common-constraint-1.4.1.jar:/home/gustaw/.m2/repository/io/smallrye/common/smallrye-common-classloader/1.4.1/smallrye-common-classloader-1.4.1.jar:/home/gustaw/.m2/repository/org/ow2/asm/asm/9.0/asm-9.0.jar:/home/gustaw/.m2/repository/org/jboss/logmanager/jboss-logmanager-embedded/1.0.6/jboss-logmanager-embedded-1.0.6.jar:/home/gustaw/.m2/repository/org/jboss/logging/jboss-logging-annotations/2.1.0.Final/jboss-logging-annotations-2.1.0.Final.jar:/home/gustaw/.m2/repository/org/jboss/threads/jboss-threads/3.1.1.Final/jboss-threads-3.1.1.Final.jar:/home/gustaw/.m2/repository/org/slf4j/slf4j-api/1.7.30/slf4j-api-1.7.30.jar:/home/gustaw/.m2/repository/org/jboss/slf4j/slf4j-jboss-logmanager/1.1.0.Final/slf4j-jboss-logmanager-1.1.0.Final.jar:/home/gustaw/.m2/repository/org/graalvm/sdk/graal-sdk/20.2.0/graal-sdk-20.2.0.jar:/home/gustaw/.m2/repository/org/wildfly/common/wildfly-common/1.5.4.Final-format-001/wildfly-common-1.5.4.Final-format-001.jar:/home/gustaw/.m2/repository/io/quarkus/quarkus-bootstrap-runner/1.10.5.Final/quarkus-bootstrap-runner-1.10.5.Final.jar:/home/gustaw/.m2/repository/org/eclipse/microprofile/context-propagation/microprofile-context-propagation-api/1.0.1/microprofile-context-propagation-api-1.0.1.jar:/home/gustaw/.m2/repository/io/quarkus/quarkus-junit5/1.10.5.Final/quarkus-junit5-1.10.5.Final.jar:/home/gustaw/.m2/repository/io/quarkus/quarkus-bootstrap-core/1.10.5.Final/quarkus-bootstrap-core-1.10.5.Final.jar:/home/gustaw/.m2/repository/io/quarkus/quarkus-bootstrap-app-model/1.10.5.Final/quarkus-bootstrap-app-model-1.10.5.Final.jar:/home/gustaw/.m2/repository/io/quarkus/quarkus-bootstrap-maven-resolver/1.10.5.Final/quarkus-bootstrap-maven-resolver-1.10.5.Final.jar:/home/gustaw/.m2/repository/org/apache/maven/maven-embedder/3.6.3/maven-embedder-3.6.3.jar:/home/gustaw/.m2/repository/org/apache/maven/maven-settings/3.6.3/maven-settings-3.6.3.jar:/home/gustaw/.m2/repository/org/apache/maven/maven-core/3.6.3/maven-core-3.6.3.jar:/home/gustaw/.m2/repository/org/apache/maven/maven-artifact/3.6.3/maven-artifact-3.6.3.jar:/home/gustaw/.m2/repository/org/codehaus/plexus/plexus-component-annotations/2.1.0/plexus-component-annotations-2.1.0.jar:/home/gustaw/.m2/repository/org/apache/maven/maven-plugin-api/3.6.3/maven-plugin-api-3.6.3.jar:/home/gustaw/.m2/repository/org/apache/maven/maven-model/3.6.3/maven-model-3.6.3.jar:/home/gustaw/.m2/repository/org/apache/maven/maven-model-builder/3.6.3/maven-model-builder-3.6.3.jar:/home/gustaw/.m2/repository/org/apache/maven/maven-builder-support/3.6.3/maven-builder-support-3.6.3.jar:/home/gustaw/.m2/repository/org/apache/maven/resolver/maven-resolver-api/1.4.1/maven-resolver-api-1.4.1.jar:/home/gustaw/.m2/repository/org/apache/maven/resolver/maven-resolver-util/1.4.1/maven-resolver-util-1.4.1.jar:/home/gustaw/.m2/repository/org/apache/maven/shared/maven-shared-utils/3.2.1/maven-shared-utils-3.2.1.jar:/home/gustaw/.m2/repository/com/google/inject/guice/4.2.1/guice-4.2.1-no_aop.jar:/home/gustaw/.m2/repository/com/google/guava/guava/30.0-jre/guava-30.0-jre.jar:/home/gustaw/.m2/repository/com/google/guava/failureaccess/1.0.1/failureaccess-1.0.1.jar:/home/gustaw/.m2/repository/com/google/guava/listenablefuture/9999.0-empty-to-avoid-conflict-with-guava/listenablefuture-9999.0-empty-to-avoid-conflict-with-guava.jar:/home/gustaw/.m2/repository/org/codehaus/plexus/plexus-utils/3.2.1/plexus-utils-3.2.1.jar:/home/gustaw/.m2/repository/org/codehaus/plexus/plexus-classworlds/2.6.0/plexus-classworlds-2.6.0.jar:/home/gustaw/.m2/repository/commons-cli/commons-cli/1.4/commons-cli-1.4.jar:/home/gustaw/.m2/repository/org/eclipse/sisu/org.eclipse.sisu.plexus/0.3.4/org.eclipse.sisu.plexus-0.3.4.jar:/home/gustaw/.m2/repository/org/apache/maven/maven-settings-builder/3.6.3/maven-settings-builder-3.6.3.jar:/home/gustaw/.m2/repository/org/codehaus/plexus/plexus-interpolation/1.25/plexus-interpolation-1.25.jar:/home/gustaw/.m2/repository/org/sonatype/plexus/plexus-sec-dispatcher/1.4/plexus-sec-dispatcher-1.4.jar:/home/gustaw/.m2/repository/org/sonatype/plexus/plexus-cipher/1.4/plexus-cipher-1.4.jar:/home/gustaw/.m2/repository/org/apache/maven/maven-resolver-provider/3.6.3/maven-resolver-provider-3.6.3.jar:/home/gustaw/.m2/repository/org/apache/maven/maven-repository-metadata/3.6.3/maven-repository-metadata-3.6.3.jar:/home/gustaw/.m2/repository/org/apache/maven/resolver/maven-resolver-spi/1.4.1/maven-resolver-spi-1.4.1.jar:/home/gustaw/.m2/repository/org/apache/maven/resolver/maven-resolver-impl/1.4.1/maven-resolver-impl-1.4.1.jar:/home/gustaw/.m2/repository/org/apache/maven/resolver/maven-resolver-connector-basic/1.4.1/maven-resolver-connector-basic-1.4.1.jar:/home/gustaw/.m2/repository/org/apache/maven/resolver/maven-resolver-transport-wagon/1.4.1/maven-resolver-transport-wagon-1.4.1.jar:/home/gustaw/.m2/repository/org/apache/maven/wagon/wagon-http/3.3.4/wagon-http-3.3.4.jar:/home/gustaw/.m2/repository/org/apache/maven/wagon/wagon-http-shared/3.3.4/wagon-http-shared-3.3.4.jar:/home/gustaw/.m2/repository/org/jsoup/jsoup/1.12.1/jsoup-1.12.1.jar:/home/gustaw/.m2/repository/org/apache/maven/wagon/wagon-provider-api/3.3.4/wagon-provider-api-3.3.4.jar:/home/gustaw/.m2/repository/org/apache/maven/wagon/wagon-file/3.3.4/wagon-file-3.3.4.jar:/home/gustaw/.m2/repository/io/quarkus/quarkus-bootstrap-gradle-resolver/1.10.5.Final/quarkus-bootstrap-gradle-resolver-1.10.5.Final.jar:/home/gustaw/.m2/repository/io/smallrye/common/smallrye-common-io/1.4.1/smallrye-common-io-1.4.1.jar:/home/gustaw/.m2/repository/org/eclipse/sisu/org.eclipse.sisu.inject/0.3.4/org.eclipse.sisu.inject-0.3.4.jar:/home/gustaw/.m2/repository/io/quarkus/quarkus-test-common/1.10.5.Final/quarkus-test-common-1.10.5.Final.jar:/home/gustaw/.m2/repository/io/quarkus/quarkus-core-deployment/1.10.5.Final/quarkus-core-deployment-1.10.5.Final.jar:/home/gustaw/.m2/repository/io/quarkus/gizmo/gizmo/1.0.6.Final/gizmo-1.0.6.Final.jar:/home/gustaw/.m2/repository/org/ow2/asm/asm-util/9.0/asm-util-9.0.jar:/home/gustaw/.m2/repository/org/ow2/asm/asm-tree/9.0/asm-tree-9.0.jar:/home/gustaw/.m2/repository/org/ow2/asm/asm-analysis/9.0/asm-analysis-9.0.jar:/home/gustaw/.m2/repository/io/quarkus/quarkus-devtools-utilities/1.10.5.Final/quarkus-devtools-utilities-1.10.5.Final.jar:/home/gustaw/.m2/repository/io/quarkus/quarkus-builder/1.10.5.Final/quarkus-builder-1.10.5.Final.jar:/home/gustaw/.m2/repository/io/quarkus/quarkus-jsonp-deployment/1.10.5.Final/quarkus-jsonp-deployment-1.10.5.Final.jar:/home/gustaw/.m2/repository/org/jboss/jandex/2.2.1.Final/jandex-2.2.1.Final.jar:/home/gustaw/.m2/repository/org/jboss/logging/commons-logging-jboss-logging/1.0.0.Final/commons-logging-jboss-logging-1.0.0.Final.jar:/home/gustaw/.m2/repository/org/junit/jupiter/junit-jupiter/5.7.0/junit-jupiter-5.7.0.jar:/home/gustaw/.m2/repository/org/junit/jupiter/junit-jupiter-params/5.7.0/junit-jupiter-params-5.7.0.jar:/home/gustaw/.m2/repository/com/thoughtworks/xstream/xstream/1.4.11/xstream-1.4.11.jar:/home/gustaw/.m2/repository/xmlpull/xmlpull/1.1.3.1/xmlpull-1.1.3.1.jar:/home/gustaw/.m2/repository/xpp3/xpp3_min/1.1.4c/xpp3_min-1.1.4c.jar:/home/gustaw/.m2/repository/io/rest-assured/rest-assured/4.3.2/rest-assured-4.3.2.jar:/home/gustaw/.m2/repository/org/codehaus/groovy/groovy/3.0.5/groovy-3.0.5.jar:/home/gustaw/.m2/repository/org/codehaus/groovy/groovy-xml/3.0.6/groovy-xml-3.0.6.jar:/home/gustaw/.m2/repository/org/apache/httpcomponents/httpclient/4.5.13/httpclient-4.5.13.jar:/home/gustaw/.m2/repository/org/apache/httpcomponents/httpcore/4.4.13/httpcore-4.4.13.jar:/home/gustaw/.m2/repository/org/apache/httpcomponents/httpmime/4.5.13/httpmime-4.5.13.jar:/home/gustaw/.m2/repository/org/hamcrest/hamcrest/2.1/hamcrest-2.1.jar:/home/gustaw/.m2/repository/org/ccil/cowan/tagsoup/tagsoup/1.2.1/tagsoup-1.2.1.jar:/home/gustaw/.m2/repository/io/rest-assured/json-path/4.3.2/json-path-4.3.2.jar:/home/gustaw/.m2/repository/org/codehaus/groovy/groovy-json/3.0.5/groovy-json-3.0.5.jar:/home/gustaw/.m2/repository/io/rest-assured/rest-assured-common/4.3.2/rest-assured-common-4.3.2.jar:/home/gustaw/.m2/repository/io/rest-assured/xml-path/4.3.2/xml-path-4.3.2.jar:/home/gustaw/.m2/repository/org/apache/commons/commons-lang3/3.9/commons-lang3-3.9.jar:/home/gustaw/.m2/repository/jakarta/xml/bind/jakarta.xml.bind-api/2.3.3/jakarta.xml.bind-api-2.3.3.jar:/home/gustaw/.m2/repository/jakarta/activation/jakarta.activation-api/1.2.1/jakarta.activation-api-1.2.1.jar:/home/gustaw/.m2/repository/com/sun/xml/bind/jaxb-impl/2.3.3/jaxb-impl-2.3.3.jar:/home/gustaw/.m2/repository/org/jboss/resteasy/resteasy-client/4.5.8.Final/resteasy-client-4.5.8.Final.jar:/home/gustaw/.m2/repository/org/jboss/resteasy/resteasy-client-api/4.5.8.Final/resteasy-client-api-4.5.8.Final.jar:/home/gustaw/.m2/repository/org/jboss/resteasy/resteasy-core-spi/4.5.8.Final/resteasy-core-spi-4.5.8.Final.jar:/home/gustaw/.m2/repository/org/reactivestreams/reactive-streams/1.0.3/reactive-streams-1.0.3.jar:/home/gustaw/.m2/repository/com/sun/activation/jakarta.activation/1.2.1/jakarta.activation-1.2.1.jar:/home/gustaw/.m2/repository/org/jboss/resteasy/resteasy-core/4.5.8.Final/resteasy-core-4.5.8.Final.jar:/home/gustaw/.m2/repository/com/ibm/async/asyncutil/0.1.0/asyncutil-0.1.0.jar:/home/gustaw/.m2/repository/org/eclipse/microprofile/config/microprofile-config-api/1.4/microprofile-config-api-1.4.jar:/home/gustaw/.m2/repository/org/jboss/logging/jboss-logging/3.4.1.Final/jboss-logging-3.4.1.Final.jar:/home/gustaw/.m2/repository/commons-codec/commons-codec/1.14/commons-codec-1.14.jar:/home/gustaw/.m2/repository/commons-io/commons-io/2.8.0/commons-io-2.8.0.jar:/home/gustaw/.m2/repository/org/jboss/spec/javax/ws/rs/jboss-jaxrs-api_2.1_spec/2.0.1.Final/jboss-jaxrs-api_2.1_spec-2.0.1.Final.jar:/home/gustaw/.m2/repository/io/quarkus/quarkus-resteasy-jsonb/1.10.5.Final/quarkus-resteasy-jsonb-1.10.5.Final.jar:/home/gustaw/.m2/repository/io/quarkus/quarkus-jsonb/1.10.5.Final/quarkus-jsonb-1.10.5.Final.jar:/home/gustaw/.m2/repository/org/eclipse/yasson/1.0.8/yasson-1.0.8.jar:/home/gustaw/.m2/repository/io/quarkus/quarkus-jsonp/1.10.5.Final/quarkus-jsonp-1.10.5.Final.jar:/home/gustaw/.m2/repository/org/jboss/resteasy/resteasy-json-binding-provider/4.5.8.Final/resteasy-json-binding-provider-4.5.8.Final.jar:/home/gustaw/.m2/repository/org/glassfish/jakarta.json/1.1.6/jakarta.json-1.1.6.jar:/home/gustaw/.m2/repository/jakarta/json/bind/jakarta.json.bind-api/1.0.2/jakarta.json.bind-api-1.0.2.jar:/home/gustaw/.m2/repository/org/jboss/resteasy/resteasy-json-p-provider/4.5.8.Final/resteasy-json-p-provider-4.5.8.Final.jar:/home/gustaw/.m2/repository/io/quarkus/quarkus-resteasy-jaxb/1.10.5.Final/quarkus-resteasy-jaxb-1.10.5.Final.jar:/home/gustaw/.m2/repository/io/quarkus/quarkus-jaxb/1.10.5.Final/quarkus-jaxb-1.10.5.Final.jar:/home/gustaw/.m2/repository/io/quarkus/quarkus-jaxp/1.10.5.Final/quarkus-jaxp-1.10.5.Final.jar:/home/gustaw/.m2/repository/org/glassfish/jaxb/jaxb-runtime/2.3.3-b02/jaxb-runtime-2.3.3-b02.jar:/home/gustaw/.m2/repository/org/glassfish/jaxb/txw2/2.3.3-b02/txw2-2.3.3-b02.jar:/home/gustaw/.m2/repository/com/sun/istack/istack-commons-runtime/3.0.10/istack-commons-runtime-3.0.10.jar:/home/gustaw/.m2/repository/org/jboss/resteasy/resteasy-jaxb-provider/4.5.8.Final/resteasy-jaxb-provider-4.5.8.Final.jar:/home/gustaw/.m2/repository/org/jboss/spec/javax/xml/bind/jboss-jaxb-api_2.3_spec/2.0.0.Final/jboss-jaxb-api_2.3_spec-2.0.0.Final.jar:/home/gustaw/.m2/repository/io/cucumber/cucumber-java/6.9.1/cucumber-java-6.9.1.jar:/home/gustaw/.m2/repository/io/cucumber/cucumber-core/6.9.1/cucumber-core-6.9.1.jar:/home/gustaw/.m2/repository/io/cucumber/cucumber-gherkin/6.9.1/cucumber-gherkin-6.9.1.jar:/home/gustaw/.m2/repository/io/cucumber/cucumber-gherkin-messages/6.9.1/cucumber-gherkin-messages-6.9.1.jar:/home/gustaw/.m2/repository/io/cucumber/messages/13.2.1/messages-13.2.1.jar:/home/gustaw/.m2/repository/io/cucumber/tag-expressions/3.0.0/tag-expressions-3.0.0.jar:/home/gustaw/.m2/repository/io/cucumber/cucumber-expressions/10.3.0/cucumber-expressions-10.3.0.jar:/home/gustaw/.m2/repository/io/cucumber/datatable/3.5.0/datatable-3.5.0.jar:/home/gustaw/.m2/repository/io/cucumber/cucumber-plugin/6.9.1/cucumber-plugin-6.9.1.jar:/home/gustaw/.m2/repository/io/cucumber/docstring/6.9.1/docstring-6.9.1.jar:/home/gustaw/.m2/repository/io/cucumber/html-formatter/9.0.0/html-formatter-9.0.0.jar:/home/gustaw/.m2/repository/io/cucumber/create-meta/2.0.4/create-meta-2.0.4.jar:/home/gustaw/.m2/repository/org/apiguardian/apiguardian-api/1.1.0/apiguardian-api-1.1.0.jar:/home/gustaw/.m2/repository/io/cucumber/cucumber-junit/6.9.1/cucumber-junit-6.9.1.jar:/home/gustaw/.m2/repository/junit/junit/4.12/junit-4.12.jar:/home/gustaw/.m2/repository/org/hamcrest/hamcrest-core/1.3/hamcrest-core-1.3.jar:/home/gustaw/.m2/repository/io/cucumber/cucumber-picocontainer/6.9.1/cucumber-picocontainer-6.9.1.jar:/home/gustaw/.m2/repository/org/picocontainer/picocontainer/2.15/picocontainer-2.15.jar:/home/gustaw/.m2/repository/org/junit/jupiter/junit-jupiter-engine/5.7.0/junit-jupiter-engine-5.7.0.jar:/home/gustaw/.m2/repository/org/junit/platform/junit-platform-engine/1.7.0/junit-platform-engine-1.7.0.jar:/home/gustaw/.m2/repository/org/opentest4j/opentest4j/1.2.0/opentest4j-1.2.0.jar:/home/gustaw/.m2/repository/org/junit/platform/junit-platform-commons/1.7.0/junit-platform-commons-1.7.0.jar:/home/gustaw/.m2/repository/org/junit/jupiter/junit-jupiter-api/5.7.0/junit-jupiter-api-5.7.0.jar:/home/gustaw/.m2/repository/io/cucumber/cucumber-junit-platform-engine/6.9.1/cucumber-junit-platform-engine-6.9.1.jar:"/>
    <property name="sun.cpu.endian" value="little"/>
    <property name="user.home" value="/home/gustaw"/>
    <property name="user.language" value="en"/>
    <property name="java.specification.vendor" value="Oracle Corporation"/>
    <property name="java.version.date" value="2020-11-04"/>
    <property name="java.home" value="/usr/lib/jvm/java-11-openjdk-amd64"/>
    <property name="file.separator" value="/"/>
    <property name="basedir" value="/home/gustaw/Documents/dtu/t3/software_development_of_web_services/tasks/SimpleDTUPay"/>
    <property name="java.vm.compressedOopsMode" value="Zero based"/>
    <property name="line.separator" value="&#10;"/>
    <property name="java.specification.name" value="Java Platform API Specification"/>
    <property name="java.vm.specification.vendor" value="Oracle Corporation"/>
    <property name="java.awt.graphicsenv" value="sun.awt.X11GraphicsEnvironment"/>
    <property name="surefire.real.class.path" value="/home/gustaw/Documents/dtu/t3/software_development_of_web_services/tasks/SimpleDTUPay/target/surefire/surefirebooter4832477583609936923.jar"/>
    <property name="sun.management.compiler" value="HotSpot 64-Bit Tiered Compilers"/>
    <property name="java.runtime.version" value="11.0.9.1+1-Ubuntu-0ubuntu1.20.04"/>
    <property name="user.name" value="gustaw"/>
    <property name="path.separator" value=":"/>
    <property name="os.version" value="5.4.0-59-generic"/>
    <property name="java.runtime.name" value="OpenJDK Runtime Environment"/>
    <property name="file.encoding" value="UTF-8"/>
    <property name="java.vm.name" value="OpenJDK 64-Bit Server VM"/>
    <property name="localRepository" value="/home/gustaw/.m2/repository"/>
    <property name="java.vendor.url.bug" value="https://bugs.launchpad.net/ubuntu/+source/openjdk-lts"/>
    <property name="java.io.tmpdir" value="/tmp"/>
    <property name="java.version" value="11.0.9.1"/>
    <property name="user.dir" value="/home/gustaw/Documents/dtu/t3/software_development_of_web_services/tasks/SimpleDTUPay"/>
    <property name="os.arch" value="amd64"/>
    <property name="java.vm.specification.name" value="Java Virtual Machine Specification"/>
    <property name="java.awt.printerjob" value="sun.print.PSPrinterJob"/>
    <property name="sun.os.patch.level" value="unknown"/>
    <property name="java.library.path" value="/usr/java/packages/lib:/usr/lib/x86_64-linux-gnu/jni:/lib/x86_64-linux-gnu:/usr/lib/x86_64-linux-gnu:/usr/lib/jni:/lib:/usr/lib"/>
    <property name="java.vm.info" value="mixed mode, sharing"/>
    <property name="java.vendor" value="Ubuntu"/>
    <property name="java.vm.version" value="11.0.9.1+1-Ubuntu-0ubuntu1.20.04"/>
    <property name="sun.io.unicode.encoding" value="UnicodeLittle"/>
    <property name="java.class.version" value="55.0"/>
  </properties>
  <testcase name="testHelloEndpoint" classname="org.acme.GreetingResourceTest" time="1.207"/>
</testsuite>